<?xml version="1.0" encoding="UTF-8"?>
<!-- Generated by org.testng.reporters.JUnitReportReporter -->
<testsuite skipped="0" hostname="MacBookdeMacBook-Pro-2.local" name="per.hao.cases.growing.marketing.MarketingPushTest" tests="1" failures="0" timestamp="30 九月 2019 07:51:35 GMT" time="0.517" errors="0">
  <testcase name="testMarketingPush" time="0.517" classname="per.hao.cases.growing.marketing.MarketingPushTest"/>
</testsuite> <!-- per.hao.cases.growing.marketing.MarketingPushTest -->
